<?xml version="1.0" encoding="UTF-8"?>
<testng-results ignored="0" total="1" passed="1" failed="0" skipped="0">
  <reporter-output>
  </reporter-output>
  <suite started-at="2022-11-20T21:51:02 IST" name="Default suite" finished-at="2022-11-20T21:51:04 IST" duration-ms="1174">
    <groups>
    </groups>
    <test started-at="2022-11-20T21:51:02 IST" name="Default test" finished-at="2022-11-20T21:51:04 IST" duration-ms="1174">
      <class name="automate_web.Form_Automate">
        <test-method is-config="true" signature="prerequisit1()[pri:0, instance:automate_web.Form_Automate@201a4587]" started-at="2022-11-20T21:50:34 IST" name="prerequisit1" finished-at="2022-11-20T21:51:02 IST" duration-ms="28198" status="PASS">
          <reporter-output>
          </reporter-output>
        </test-method> <!-- prerequisit1 -->
        <test-method is-config="true" signature="prerequisit2()[pri:0, instance:automate_web.Form_Automate@201a4587]" started-at="2022-11-20T21:51:03 IST" name="prerequisit2" finished-at="2022-11-20T21:51:03 IST" duration-ms="1" status="PASS">
          <reporter-output>
          </reporter-output>
        </test-method> <!-- prerequisit2 -->
        <test-method signature="test1()[pri:0, instance:automate_web.Form_Automate@201a4587]" started-at="2022-11-20T21:51:03 IST" name="test1" finished-at="2022-11-20T21:51:04 IST" duration-ms="1112" status="PASS">
          <reporter-output>
          </reporter-output>
        </test-method> <!-- test1 -->
        <test-method is-config="true" signature="end()[pri:0, instance:automate_web.Form_Automate@201a4587]" started-at="2022-11-20T21:51:04 IST" name="end" finished-at="2022-11-20T21:51:10 IST" duration-ms="6027" status="PASS">
          <reporter-output>
          </reporter-output>
        </test-method> <!-- end -->
      </class> <!-- automate_web.Form_Automate -->
    </test> <!-- Default test -->
  </suite> <!-- Default suite -->
</testng-results>
